app/build/intermediates/manifest_merge_blame_file/debug/processDebugMainManifest/manifest-merger-blame-debug-report.txt
1<?xml version="1.0" encoding="utf-8"?>
2<manifest xmlns:android="http://schemas.android.com/apk/res/android"
3    package="com.github.op88.smartcopy.debug"
4    android:versionCode="1"
5    android:versionName="1.0.0" >
6
7    <uses-sdk
8        android:minSdkVersion="28"
9        android:targetSdkVersion="35" />
10
11    <!--
12        SMART COPY - ZERO NETWORK MANIFEST
13        android.permission.INTERNET is intentionally ABSENT.
14        No data ever leaves this device. This is cryptographically
15        enforceable by inspecting this manifest.
16    -->
17
18
19    <!-- Overlay: Floating Edge Bubble + Freeze overlay -->
20    <uses-permission android:name="android.permission.SYSTEM_ALERT_WINDOW" />
20-->src/main/AndroidManifest.xml:13:5-78
20-->src/main/AndroidManifest.xml:13:22-75
21
22    <!-- Screen capture foreground service -->
23    <uses-permission android:name="android.permission.FOREGROUND_SERVICE" />
23-->src/main/AndroidManifest.xml:16:5-77
23-->src/main/AndroidManifest.xml:16:22-74
24    <uses-permission android:name="android.permission.FOREGROUND_SERVICE_MEDIA_PROJECTION" />
24-->src/main/AndroidManifest.xml:17:5-94
24-->src/main/AndroidManifest.xml:17:22-91
25    <uses-permission android:name="android.permission.FOREGROUND_SERVICE_SPECIAL_USE" />
25-->src/main/AndroidManifest.xml:18:5-89
25-->src/main/AndroidManifest.xml:18:22-86
26
27    <!-- Notification channel (Android 13+) -->
28    <uses-permission android:name="android.permission.POST_NOTIFICATIONS" />
28-->src/main/AndroidManifest.xml:21:5-77
28-->src/main/AndroidManifest.xml:21:22-74
29
30    <!-- Vibrate for haptic feedback on snaps -->
31    <uses-permission android:name="android.permission.VIBRATE" />
31-->src/main/AndroidManifest.xml:24:5-66
31-->src/main/AndroidManifest.xml:24:22-63
32
33    <!-- Restore edge bubble after device reboot (only if user had it enabled) -->
34    <uses-permission android:name="android.permission.RECEIVE_BOOT_COMPLETED" />
34-->src/main/AndroidManifest.xml:27:5-81
34-->src/main/AndroidManifest.xml:27:22-78
35    <uses-permission android:name="android.permission.WAKE_LOCK" />
35-->[androidx.work:work-runtime:2.9.1] AndroidManifest.xml:23:5-68
35-->[androidx.work:work-runtime:2.9.1] AndroidManifest.xml:23:22-65
36    <uses-permission android:name="android.permission.ACCESS_NETWORK_STATE" />
36-->[androidx.work:work-runtime:2.9.1] AndroidManifest.xml:24:5-79
36-->[androidx.work:work-runtime:2.9.1] AndroidManifest.xml:24:22-76
37
38    <permission
38-->[androidx.core:core:1.13.1] AndroidManifest.xml:22:5-24:47
39        android:name="com.github.op88.smartcopy.debug.DYNAMIC_RECEIVER_NOT_EXPORTED_PERMISSION"
39-->[androidx.core:core:1.13.1] AndroidManifest.xml:23:9-81
40        android:protectionLevel="signature" />
40-->[androidx.core:core:1.13.1] AndroidManifest.xml:24:9-44
41
42    <uses-permission android:name="com.github.op88.smartcopy.debug.DYNAMIC_RECEIVER_NOT_EXPORTED_PERMISSION" />
42-->[androidx.core:core:1.13.1] AndroidManifest.xml:26:5-97
42-->[androidx.core:core:1.13.1] AndroidManifest.xml:26:22-94
43    <uses-permission android:name="android.permission.INTERNET" /> <!-- NO INTERNET PERMISSION - verified absence below for auditing -->
43-->[com.google.android.datatransport:transport-backend-cct:2.3.3] AndroidManifest.xml:26:5-67
43-->[com.google.android.datatransport:transport-backend-cct:2.3.3] AndroidManifest.xml:26:22-64
44    <application
44-->src/main/AndroidManifest.xml:31:5-114:19
45        android:allowBackup="false"
45-->src/main/AndroidManifest.xml:32:9-36
46        android:appComponentFactory="androidx.core.app.CoreComponentFactory"
46-->[androidx.core:core:1.13.1] AndroidManifest.xml:28:18-86
47        android:dataExtractionRules="@xml/data_extraction_rules"
47-->src/main/AndroidManifest.xml:33:9-65
48        android:debuggable="true"
49        android:extractNativeLibs="false"
50        android:fullBackupContent="false"
50-->src/main/AndroidManifest.xml:34:9-42
51        android:icon="@drawable/ic_smartcopy"
51-->src/main/AndroidManifest.xml:35:9-46
52        android:label="@string/app_name"
52-->src/main/AndroidManifest.xml:36:9-41
53        android:roundIcon="@drawable/ic_smartcopy"
53-->src/main/AndroidManifest.xml:37:9-51
54        android:supportsRtl="true"
54-->src/main/AndroidManifest.xml:38:9-35
55        android:theme="@style/Theme.SmartCopy" >
55-->src/main/AndroidManifest.xml:39:9-47
56
57        <!-- ── Main Entry Activity ── -->
58        <activity
58-->src/main/AndroidManifest.xml:43:9-52:20
59            android:name="com.github.op88.smartcopy.MainActivity"
59-->src/main/AndroidManifest.xml:44:13-41
60            android:exported="true"
60-->src/main/AndroidManifest.xml:45:13-36
61            android:label="@string/app_name"
61-->src/main/AndroidManifest.xml:46:13-45
62            android:windowSoftInputMode="adjustResize" >
62-->src/main/AndroidManifest.xml:47:13-55
63            <intent-filter>
63-->src/main/AndroidManifest.xml:48:13-51:29
64                <action android:name="android.intent.action.MAIN" />
64-->src/main/AndroidManifest.xml:49:17-69
64-->src/main/AndroidManifest.xml:49:25-66
65
66                <category android:name="android.intent.category.LAUNCHER" />
66-->src/main/AndroidManifest.xml:50:17-77
66-->src/main/AndroidManifest.xml:50:27-74
67            </intent-filter>
68        </activity>
69
70        <!-- ── Settings Activity ── -->
71        <activity
71-->src/main/AndroidManifest.xml:55:9-59:58
72            android:name="com.github.op88.smartcopy.settings.SettingsActivity"
72-->src/main/AndroidManifest.xml:56:13-54
73            android:exported="false"
73-->src/main/AndroidManifest.xml:57:13-37
74            android:label="@string/settings_title"
74-->src/main/AndroidManifest.xml:58:13-51
75            android:parentActivityName="com.github.op88.smartcopy.MainActivity" />
75-->src/main/AndroidManifest.xml:59:13-55
76
77        <!-- ── Overlay / Capture Foreground Service ── -->
78        <service
78-->src/main/AndroidManifest.xml:62:9-66:82
79            android:name="com.github.op88.smartcopy.overlay.OverlayService"
79-->src/main/AndroidManifest.xml:63:13-51
80            android:exported="false"
80-->src/main/AndroidManifest.xml:64:13-37
81            android:foregroundServiceType="mediaProjection"
81-->src/main/AndroidManifest.xml:65:13-60
82            android:permission="android.permission.BIND_ACCESSIBILITY_SERVICE" />
82-->src/main/AndroidManifest.xml:66:13-79
83
84        <!--
85            ── Edge Bubble Service ──
86            Ultra-lightweight: ~0% CPU idle, IMPORTANCE_MIN notification.
87            Only started when user enables the bubble in Settings.
88            START_NOT_STICKY: OS may kill under memory pressure; no auto-restart.
89        -->
90        <service
90-->src/main/AndroidManifest.xml:74:9-82:19
91            android:name="com.github.op88.smartcopy.overlay.EdgeBubbleService"
91-->src/main/AndroidManifest.xml:75:13-54
92            android:exported="false"
92-->src/main/AndroidManifest.xml:76:13-37
93            android:foregroundServiceType="specialUse"
93-->src/main/AndroidManifest.xml:77:13-55
94            android:label="Smart Copy Bubble" >
94-->src/main/AndroidManifest.xml:78:13-46
95            <property
95-->src/main/AndroidManifest.xml:79:13-81:99
96                android:name="android.app.PROPERTY_SPECIAL_USE_FGS_SUBTYPE"
96-->src/main/AndroidManifest.xml:80:17-76
97                android:value="Floating edge trigger bubble for quick access to screen capture" />
97-->src/main/AndroidManifest.xml:81:17-96
98        </service>
99
100        <!-- ── Boot Receiver — restores edge bubble if it was enabled ── -->
101        <receiver
101-->src/main/AndroidManifest.xml:85:9-93:20
102            android:name="com.github.op88.smartcopy.BootReceiver"
102-->src/main/AndroidManifest.xml:86:13-41
103            android:enabled="true"
103-->src/main/AndroidManifest.xml:88:13-35
104            android:exported="false" >
104-->src/main/AndroidManifest.xml:87:13-37
105            <intent-filter android:priority="0" >
105-->src/main/AndroidManifest.xml:89:13-92:29
105-->src/main/AndroidManifest.xml:89:28-48
106                <action android:name="android.intent.action.BOOT_COMPLETED" />
106-->src/main/AndroidManifest.xml:90:17-79
106-->src/main/AndroidManifest.xml:90:25-76
107                <action android:name="android.intent.action.LOCKED_BOOT_COMPLETED" />
107-->src/main/AndroidManifest.xml:91:17-86
107-->src/main/AndroidManifest.xml:91:25-83
108            </intent-filter>
109        </receiver>
110
111        <!-- ── Quick Settings Tile ── -->
112        <service
112-->src/main/AndroidManifest.xml:96:9-105:19
113            android:name="com.github.op88.smartcopy.qs.SmartCopyTileService"
113-->src/main/AndroidManifest.xml:97:13-52
114            android:exported="true"
114-->src/main/AndroidManifest.xml:98:13-36
115            android:icon="@drawable/ic_smartcopy"
115-->src/main/AndroidManifest.xml:99:13-50
116            android:label="@string/qs_tile_label"
116-->src/main/AndroidManifest.xml:100:13-50
117            android:permission="android.permission.BIND_QUICK_SETTINGS_TILE" >
117-->src/main/AndroidManifest.xml:101:13-77
118            <intent-filter>
118-->src/main/AndroidManifest.xml:102:13-104:29
119                <action android:name="android.service.quicksettings.action.QS_TILE" />
119-->src/main/AndroidManifest.xml:103:17-87
119-->src/main/AndroidManifest.xml:103:25-84
120            </intent-filter>
121        </service>
122
123        <!-- ── WorkManager initializer (auto-initialization) ── -->
124        <provider
125            android:name="androidx.startup.InitializationProvider"
125-->src/main/AndroidManifest.xml:109:13-67
126            android:authorities="com.github.op88.smartcopy.debug.androidx-startup"
126-->src/main/AndroidManifest.xml:110:13-68
127            android:exported="false" >
127-->src/main/AndroidManifest.xml:111:13-37
128            <meta-data
128-->[androidx.emoji2:emoji2:1.3.0] AndroidManifest.xml:29:13-31:52
129                android:name="androidx.emoji2.text.EmojiCompatInitializer"
129-->[androidx.emoji2:emoji2:1.3.0] AndroidManifest.xml:30:17-75
130                android:value="androidx.startup" />
130-->[androidx.emoji2:emoji2:1.3.0] AndroidManifest.xml:31:17-49
131            <meta-data
131-->[androidx.work:work-runtime:2.9.1] AndroidManifest.xml:34:13-36:52
132                android:name="androidx.work.WorkManagerInitializer"
132-->[androidx.work:work-runtime:2.9.1] AndroidManifest.xml:35:17-68
133                android:value="androidx.startup" />
133-->[androidx.work:work-runtime:2.9.1] AndroidManifest.xml:36:17-49
134            <meta-data
134-->[androidx.lifecycle:lifecycle-process:2.8.6] AndroidManifest.xml:29:13-31:52
135                android:name="androidx.lifecycle.ProcessLifecycleInitializer"
135-->[androidx.lifecycle:lifecycle-process:2.8.6] AndroidManifest.xml:30:17-78
136                android:value="androidx.startup" />
136-->[androidx.lifecycle:lifecycle-process:2.8.6] AndroidManifest.xml:31:17-49
137            <meta-data
137-->[androidx.profileinstaller:profileinstaller:1.3.1] AndroidManifest.xml:29:13-31:52
138                android:name="androidx.profileinstaller.ProfileInstallerInitializer"
138-->[androidx.profileinstaller:profileinstaller:1.3.1] AndroidManifest.xml:30:17-85
139                android:value="androidx.startup" />
139-->[androidx.profileinstaller:profileinstaller:1.3.1] AndroidManifest.xml:31:17-49
140        </provider>
141
142        <service
142-->[com.google.android.gms:play-services-mlkit-text-recognition-common:19.1.0] AndroidManifest.xml:9:9-15:19
143            android:name="com.google.mlkit.common.internal.MlKitComponentDiscoveryService"
143-->[com.google.android.gms:play-services-mlkit-text-recognition-common:19.1.0] AndroidManifest.xml:10:13-91
144            android:directBootAware="true"
144-->[com.google.mlkit:common:18.11.0] AndroidManifest.xml:17:13-43
145            android:exported="false" >
145-->[com.google.android.gms:play-services-mlkit-text-recognition-common:19.1.0] AndroidManifest.xml:11:13-37
146            <meta-data
146-->[com.google.android.gms:play-services-mlkit-text-recognition-common:19.1.0] AndroidManifest.xml:12:13-14:85
147                android:name="com.google.firebase.components:com.google.mlkit.vision.text.internal.TextRegistrar"
147-->[com.google.android.gms:play-services-mlkit-text-recognition-common:19.1.0] AndroidManifest.xml:13:17-114
148                android:value="com.google.firebase.components.ComponentRegistrar" />
148-->[com.google.android.gms:play-services-mlkit-text-recognition-common:19.1.0] AndroidManifest.xml:14:17-82
149            <meta-data
149-->[com.google.mlkit:vision-common:17.3.0] AndroidManifest.xml:12:13-14:85
150                android:name="com.google.firebase.components:com.google.mlkit.vision.common.internal.VisionCommonRegistrar"
150-->[com.google.mlkit:vision-common:17.3.0] AndroidManifest.xml:13:17-124
151                android:value="com.google.firebase.components.ComponentRegistrar" />
151-->[com.google.mlkit:vision-common:17.3.0] AndroidManifest.xml:14:17-82
152            <meta-data
152-->[com.google.mlkit:common:18.11.0] AndroidManifest.xml:20:13-22:85
153                android:name="com.google.firebase.components:com.google.mlkit.common.internal.CommonComponentRegistrar"
153-->[com.google.mlkit:common:18.11.0] AndroidManifest.xml:21:17-120
154                android:value="com.google.firebase.components.ComponentRegistrar" />
154-->[com.google.mlkit:common:18.11.0] AndroidManifest.xml:22:17-82
155        </service>
156
157        <provider
157-->[com.google.mlkit:common:18.11.0] AndroidManifest.xml:9:9-13:38
158            android:name="com.google.mlkit.common.internal.MlKitInitProvider"
158-->[com.google.mlkit:common:18.11.0] AndroidManifest.xml:10:13-78
159            android:authorities="com.github.op88.smartcopy.debug.mlkitinitprovider"
159-->[com.google.mlkit:common:18.11.0] AndroidManifest.xml:11:13-69
160            android:exported="false"
160-->[com.google.mlkit:common:18.11.0] AndroidManifest.xml:12:13-37
161            android:initOrder="99" />
161-->[com.google.mlkit:common:18.11.0] AndroidManifest.xml:13:13-35
162
163        <activity
163-->[com.google.android.gms:play-services-base:18.5.0] AndroidManifest.xml:5:9-173
164            android:name="com.google.android.gms.common.api.GoogleApiActivity"
164-->[com.google.android.gms:play-services-base:18.5.0] AndroidManifest.xml:5:19-85
165            android:exported="false"
165-->[com.google.android.gms:play-services-base:18.5.0] AndroidManifest.xml:5:146-170
166            android:theme="@android:style/Theme.Translucent.NoTitleBar" />
166-->[com.google.android.gms:play-services-base:18.5.0] AndroidManifest.xml:5:86-145
167
168        <meta-data
168-->[com.google.android.gms:play-services-basement:18.4.0] AndroidManifest.xml:6:9-122
169            android:name="com.google.android.gms.version"
169-->[com.google.android.gms:play-services-basement:18.4.0] AndroidManifest.xml:6:20-65
170            android:value="@integer/google_play_services_version" />
170-->[com.google.android.gms:play-services-basement:18.4.0] AndroidManifest.xml:6:66-119
171
172        <activity
172-->[androidx.compose.ui:ui-tooling-android:1.7.5] AndroidManifest.xml:23:9-25:39
173            android:name="androidx.compose.ui.tooling.PreviewActivity"
173-->[androidx.compose.ui:ui-tooling-android:1.7.5] AndroidManifest.xml:24:13-71
174            android:exported="true" />
174-->[androidx.compose.ui:ui-tooling-android:1.7.5] AndroidManifest.xml:25:13-36
175
176        <service
176-->[androidx.work:work-runtime:2.9.1] AndroidManifest.xml:39:9-45:35
177            android:name="androidx.work.impl.background.systemalarm.SystemAlarmService"
177-->[androidx.work:work-runtime:2.9.1] AndroidManifest.xml:40:13-88
178            android:directBootAware="false"
178-->[androidx.work:work-runtime:2.9.1] AndroidManifest.xml:41:13-44
179            android:enabled="@bool/enable_system_alarm_service_default"
179-->[androidx.work:work-runtime:2.9.1] AndroidManifest.xml:42:13-72
180            android:exported="false" />
180-->[androidx.work:work-runtime:2.9.1] AndroidManifest.xml:43:13-37
181        <service
181-->[androidx.work:work-runtime:2.9.1] AndroidManifest.xml:46:9-52:35
182            android:name="androidx.work.impl.background.systemjob.SystemJobService"
182-->[androidx.work:work-runtime:2.9.1] AndroidManifest.xml:47:13-84
183            android:directBootAware="false"
183-->[androidx.work:work-runtime:2.9.1] AndroidManifest.xml:48:13-44
184            android:enabled="@bool/enable_system_job_service_default"
184-->[androidx.work:work-runtime:2.9.1] AndroidManifest.xml:49:13-70
185            android:exported="true"
185-->[androidx.work:work-runtime:2.9.1] AndroidManifest.xml:50:13-36
186            android:permission="android.permission.BIND_JOB_SERVICE" />
186-->[androidx.work:work-runtime:2.9.1] AndroidManifest.xml:51:13-69
187        <service
187-->[androidx.work:work-runtime:2.9.1] AndroidManifest.xml:53:9-59:35
188            android:name="androidx.work.impl.foreground.SystemForegroundService"
188-->[androidx.work:work-runtime:2.9.1] AndroidManifest.xml:54:13-81
189            android:directBootAware="false"
189-->[androidx.work:work-runtime:2.9.1] AndroidManifest.xml:55:13-44
190            android:enabled="@bool/enable_system_foreground_service_default"
190-->[androidx.work:work-runtime:2.9.1] AndroidManifest.xml:56:13-77
191            android:exported="false" />
191-->[androidx.work:work-runtime:2.9.1] AndroidManifest.xml:57:13-37
192
193        <receiver
193-->[androidx.work:work-runtime:2.9.1] AndroidManifest.xml:61:9-66:35
194            android:name="androidx.work.impl.utils.ForceStopRunnable$BroadcastReceiver"
194-->[androidx.work:work-runtime:2.9.1] AndroidManifest.xml:62:13-88
195            android:directBootAware="false"
195-->[androidx.work:work-runtime:2.9.1] AndroidManifest.xml:63:13-44
196            android:enabled="true"
196-->[androidx.work:work-runtime:2.9.1] AndroidManifest.xml:64:13-35
197            android:exported="false" />
197-->[androidx.work:work-runtime:2.9.1] AndroidManifest.xml:65:13-37
198        <receiver
198-->[androidx.work:work-runtime:2.9.1] AndroidManifest.xml:67:9-77:20
199            android:name="androidx.work.impl.background.systemalarm.ConstraintProxy$BatteryChargingProxy"
199-->[androidx.work:work-runtime:2.9.1] AndroidManifest.xml:68:13-106
200            android:directBootAware="false"
200-->[androidx.work:work-runtime:2.9.1] AndroidManifest.xml:69:13-44
201            android:enabled="false"
201-->[androidx.work:work-runtime:2.9.1] AndroidManifest.xml:70:13-36
202            android:exported="false" >
202-->[androidx.work:work-runtime:2.9.1] AndroidManifest.xml:71:13-37
203            <intent-filter>
203-->[androidx.work:work-runtime:2.9.1] AndroidManifest.xml:73:13-76:29
204                <action android:name="android.intent.action.ACTION_POWER_CONNECTED" />
204-->[androidx.work:work-runtime:2.9.1] AndroidManifest.xml:74:17-87
204-->[androidx.work:work-runtime:2.9.1] AndroidManifest.xml:74:25-84
205                <action android:name="android.intent.action.ACTION_POWER_DISCONNECTED" />
205-->[androidx.work:work-runtime:2.9.1] AndroidManifest.xml:75:17-90
205-->[androidx.work:work-runtime:2.9.1] AndroidManifest.xml:75:25-87
206            </intent-filter>
207        </receiver>
208        <receiver
208-->[androidx.work:work-runtime:2.9.1] AndroidManifest.xml:78:9-88:20
209            android:name="androidx.work.impl.background.systemalarm.ConstraintProxy$BatteryNotLowProxy"
209-->[androidx.work:work-runtime:2.9.1] AndroidManifest.xml:79:13-104
210            android:directBootAware="false"
210-->[androidx.work:work-runtime:2.9.1] AndroidManifest.xml:80:13-44
211            android:enabled="false"
211-->[androidx.work:work-runtime:2.9.1] AndroidManifest.xml:81:13-36
212            android:exported="false" >
212-->[androidx.work:work-runtime:2.9.1] AndroidManifest.xml:82:13-37
213            <intent-filter>
213-->[androidx.work:work-runtime:2.9.1] AndroidManifest.xml:84:13-87:29
214                <action android:name="android.intent.action.BATTERY_OKAY" />
214-->[androidx.work:work-runtime:2.9.1] AndroidManifest.xml:85:17-77
214-->[androidx.work:work-runtime:2.9.1] AndroidManifest.xml:85:25-74
215                <action android:name="android.intent.action.BATTERY_LOW" />
215-->[androidx.work:work-runtime:2.9.1] AndroidManifest.xml:86:17-76
215-->[androidx.work:work-runtime:2.9.1] AndroidManifest.xml:86:25-73
216            </intent-filter>
217        </receiver>
218        <receiver
218-->[androidx.work:work-runtime:2.9.1] AndroidManifest.xml:89:9-99:20
219            android:name="androidx.work.impl.background.systemalarm.ConstraintProxy$StorageNotLowProxy"
219-->[androidx.work:work-runtime:2.9.1] AndroidManifest.xml:90:13-104
220            android:directBootAware="false"
220-->[androidx.work:work-runtime:2.9.1] AndroidManifest.xml:91:13-44
221            android:enabled="false"
221-->[androidx.work:work-runtime:2.9.1] AndroidManifest.xml:92:13-36
222            android:exported="false" >
222-->[androidx.work:work-runtime:2.9.1] AndroidManifest.xml:93:13-37
223            <intent-filter>
223-->[androidx.work:work-runtime:2.9.1] AndroidManifest.xml:95:13-98:29
224                <action android:name="android.intent.action.DEVICE_STORAGE_LOW" />
224-->[androidx.work:work-runtime:2.9.1] AndroidManifest.xml:96:17-83
224-->[androidx.work:work-runtime:2.9.1] AndroidManifest.xml:96:25-80
225                <action android:name="android.intent.action.DEVICE_STORAGE_OK" />
225-->[androidx.work:work-runtime:2.9.1] AndroidManifest.xml:97:17-82
225-->[androidx.work:work-runtime:2.9.1] AndroidManifest.xml:97:25-79
226            </intent-filter>
227        </receiver>
228        <receiver
228-->[androidx.work:work-runtime:2.9.1] AndroidManifest.xml:100:9-109:20
229            android:name="androidx.work.impl.background.systemalarm.ConstraintProxy$NetworkStateProxy"
229-->[androidx.work:work-runtime:2.9.1] AndroidManifest.xml:101:13-103
230            android:directBootAware="false"
230-->[androidx.work:work-runtime:2.9.1] AndroidManifest.xml:102:13-44
231            android:enabled="false"
231-->[androidx.work:work-runtime:2.9.1] AndroidManifest.xml:103:13-36
232            android:exported="false" >
232-->[androidx.work:work-runtime:2.9.1] AndroidManifest.xml:104:13-37
233            <intent-filter>
233-->[androidx.work:work-runtime:2.9.1] AndroidManifest.xml:106:13-108:29
234                <action android:name="android.net.conn.CONNECTIVITY_CHANGE" />
234-->[androidx.work:work-runtime:2.9.1] AndroidManifest.xml:107:17-79
234-->[androidx.work:work-runtime:2.9.1] AndroidManifest.xml:107:25-76
235            </intent-filter>
236        </receiver>
237        <receiver
237-->[androidx.work:work-runtime:2.9.1] AndroidManifest.xml:110:9-121:20
238            android:name="androidx.work.impl.background.systemalarm.RescheduleReceiver"
238-->[androidx.work:work-runtime:2.9.1] AndroidManifest.xml:111:13-88
239            android:directBootAware="false"
239-->[androidx.work:work-runtime:2.9.1] AndroidManifest.xml:112:13-44
240            android:enabled="false"
240-->[androidx.work:work-runtime:2.9.1] AndroidManifest.xml:113:13-36
241            android:exported="false" >
241-->[androidx.work:work-runtime:2.9.1] AndroidManifest.xml:114:13-37
242            <intent-filter>
242-->[androidx.work:work-runtime:2.9.1] AndroidManifest.xml:116:13-120:29
243                <action android:name="android.intent.action.BOOT_COMPLETED" />
243-->src/main/AndroidManifest.xml:90:17-79
243-->src/main/AndroidManifest.xml:90:25-76
244                <action android:name="android.intent.action.TIME_SET" />
244-->[androidx.work:work-runtime:2.9.1] AndroidManifest.xml:118:17-73
244-->[androidx.work:work-runtime:2.9.1] AndroidManifest.xml:118:25-70
245                <action android:name="android.intent.action.TIMEZONE_CHANGED" />
245-->[androidx.work:work-runtime:2.9.1] AndroidManifest.xml:119:17-81
245-->[androidx.work:work-runtime:2.9.1] AndroidManifest.xml:119:25-78
246            </intent-filter>
247        </receiver>
248        <receiver
248-->[androidx.work:work-runtime:2.9.1] AndroidManifest.xml:122:9-131:20
249            android:name="androidx.work.impl.background.systemalarm.ConstraintProxyUpdateReceiver"
249-->[androidx.work:work-runtime:2.9.1] AndroidManifest.xml:123:13-99
250            android:directBootAware="false"
250-->[androidx.work:work-runtime:2.9.1] AndroidManifest.xml:124:13-44
251            android:enabled="@bool/enable_system_alarm_service_default"
251-->[androidx.work:work-runtime:2.9.1] AndroidManifest.xml:125:13-72
252            android:exported="false" >
252-->[androidx.work:work-runtime:2.9.1] AndroidManifest.xml:126:13-37
253            <intent-filter>
253-->[androidx.work:work-runtime:2.9.1] AndroidManifest.xml:128:13-130:29
254                <action android:name="androidx.work.impl.background.systemalarm.UpdateProxies" />
254-->[androidx.work:work-runtime:2.9.1] AndroidManifest.xml:129:17-98
254-->[androidx.work:work-runtime:2.9.1] AndroidManifest.xml:129:25-95
255            </intent-filter>
256        </receiver>
257        <receiver
257-->[androidx.work:work-runtime:2.9.1] AndroidManifest.xml:132:9-142:20
258            android:name="androidx.work.impl.diagnostics.DiagnosticsReceiver"
258-->[androidx.work:work-runtime:2.9.1] AndroidManifest.xml:133:13-78
259            android:directBootAware="false"
259-->[androidx.work:work-runtime:2.9.1] AndroidManifest.xml:134:13-44
260            android:enabled="true"
260-->[androidx.work:work-runtime:2.9.1] AndroidManifest.xml:135:13-35
261            android:exported="true"
261-->[androidx.work:work-runtime:2.9.1] AndroidManifest.xml:136:13-36
262            android:permission="android.permission.DUMP" >
262-->[androidx.work:work-runtime:2.9.1] AndroidManifest.xml:137:13-57
263            <intent-filter>
263-->[androidx.work:work-runtime:2.9.1] AndroidManifest.xml:139:13-141:29
264                <action android:name="androidx.work.diagnostics.REQUEST_DIAGNOSTICS" />
264-->[androidx.work:work-runtime:2.9.1] AndroidManifest.xml:140:17-88
264-->[androidx.work:work-runtime:2.9.1] AndroidManifest.xml:140:25-85
265            </intent-filter>
266        </receiver>
267
268        <uses-library
268-->[androidx.window:window:1.0.0] AndroidManifest.xml:25:9-27:40
269            android:name="androidx.window.extensions"
269-->[androidx.window:window:1.0.0] AndroidManifest.xml:26:13-54
270            android:required="false" />
270-->[androidx.window:window:1.0.0] AndroidManifest.xml:27:13-37
271        <uses-library
271-->[androidx.window:window:1.0.0] AndroidManifest.xml:28:9-30:40
272            android:name="androidx.window.sidecar"
272-->[androidx.window:window:1.0.0] AndroidManifest.xml:29:13-51
273            android:required="false" />
273-->[androidx.window:window:1.0.0] AndroidManifest.xml:30:13-37
274
275        <service
275-->[androidx.room:room-runtime:2.5.0] AndroidManifest.xml:24:9-28:63
276            android:name="androidx.room.MultiInstanceInvalidationService"
276-->[androidx.room:room-runtime:2.5.0] AndroidManifest.xml:25:13-74
277            android:directBootAware="true"
277-->[androidx.room:room-runtime:2.5.0] AndroidManifest.xml:26:13-43
278            android:exported="false" />
278-->[androidx.room:room-runtime:2.5.0] AndroidManifest.xml:27:13-37
279
280        <receiver
280-->[androidx.profileinstaller:profileinstaller:1.3.1] AndroidManifest.xml:34:9-52:20
281            android:name="androidx.profileinstaller.ProfileInstallReceiver"
281-->[androidx.profileinstaller:profileinstaller:1.3.1] AndroidManifest.xml:35:13-76
282            android:directBootAware="false"
282-->[androidx.profileinstaller:profileinstaller:1.3.1] AndroidManifest.xml:36:13-44
283            android:enabled="true"
283-->[androidx.profileinstaller:profileinstaller:1.3.1] AndroidManifest.xml:37:13-35
284            android:exported="true"
284-->[androidx.profileinstaller:profileinstaller:1.3.1] AndroidManifest.xml:38:13-36
285            android:permission="android.permission.DUMP" >
285-->[androidx.profileinstaller:profileinstaller:1.3.1] AndroidManifest.xml:39:13-57
286            <intent-filter>
286-->[androidx.profileinstaller:profileinstaller:1.3.1] AndroidManifest.xml:40:13-42:29
287                <action android:name="androidx.profileinstaller.action.INSTALL_PROFILE" />
287-->[androidx.profileinstaller:profileinstaller:1.3.1] AndroidManifest.xml:41:17-91
287-->[androidx.profileinstaller:profileinstaller:1.3.1] AndroidManifest.xml:41:25-88
288            </intent-filter>
289            <intent-filter>
289-->[androidx.profileinstaller:profileinstaller:1.3.1] AndroidManifest.xml:43:13-45:29
290                <action android:name="androidx.profileinstaller.action.SKIP_FILE" />
290-->[androidx.profileinstaller:profileinstaller:1.3.1] AndroidManifest.xml:44:17-85
290-->[androidx.profileinstaller:profileinstaller:1.3.1] AndroidManifest.xml:44:25-82
291            </intent-filter>
292            <intent-filter>
292-->[androidx.profileinstaller:profileinstaller:1.3.1] AndroidManifest.xml:46:13-48:29
293                <action android:name="androidx.profileinstaller.action.SAVE_PROFILE" />
293-->[androidx.profileinstaller:profileinstaller:1.3.1] AndroidManifest.xml:47:17-88
293-->[androidx.profileinstaller:profileinstaller:1.3.1] AndroidManifest.xml:47:25-85
294            </intent-filter>
295            <intent-filter>
295-->[androidx.profileinstaller:profileinstaller:1.3.1] AndroidManifest.xml:49:13-51:29
296                <action android:name="androidx.profileinstaller.action.BENCHMARK_OPERATION" />
296-->[androidx.profileinstaller:profileinstaller:1.3.1] AndroidManifest.xml:50:17-95